manifest_merge_blame_file/debug/manifest-merger-blame-debug-report.txt
1<?xml version="1.0" encoding="utf-8"?>
2<manifest xmlns:android="http://schemas.android.com/apk/res/android"
3    package="com.travelapp"
4    android:versionCode="1"
5    android:versionName="1.0" >
6
7    <uses-sdk
8        android:minSdkVersion="16"
8-->src\main\AndroidManifest.xml
9        android:targetSdkVersion="29" />
9-->src\main\AndroidManifest.xml
10
11    <uses-permission android:name="android.permission.INTERNET" />
11-->src\main\AndroidManifest.xml:5:5-67
11-->src\main\AndroidManifest.xml:5:22-64
12
13    <application
13-->src\main\AndroidManifest.xml:7:5-35:19
14        android:allowBackup="true"
14-->src\main\AndroidManifest.xml:8:9-35
15        android:appComponentFactory="androidx.core.app.CoreComponentFactory"
15-->[androidx.core:core:1.3.1] AndroidManifest.xml:24:18-86
16        android:debuggable="true"
17        android:icon="@mipmap/ic_launcher"
17-->src\main\AndroidManifest.xml:9:9-43
18        android:label="@string/app_name"
18-->src\main\AndroidManifest.xml:10:9-41
19        android:roundIcon="@mipmap/ic_launcher_round"
19-->src\main\AndroidManifest.xml:11:9-54
20        android:supportsRtl="true"
20-->src\main\AndroidManifest.xml:12:9-35
21        android:testOnly="true"
22        android:theme="@style/Theme.TravelApp"
22-->src\main\AndroidManifest.xml:13:9-47
23        android:usesCleartextTraffic="true" >
23-->src\main\AndroidManifest.xml:14:9-44
24        <activity android:name="com.travelapp.DetailsActivity" />
24-->src\main\AndroidManifest.xml:15:9-62
24-->src\main\AndroidManifest.xml:15:19-50
25        <activity
25-->src\main\AndroidManifest.xml:16:9-24:20
26            android:name="com.travelapp.LogIn"
26-->src\main\AndroidManifest.xml:17:13-34
27            android:theme="@style/Theme.AppCompat.Light.NoActionBar" >
27-->src\main\AndroidManifest.xml:18:13-69
28            <intent-filter>
28-->src\main\AndroidManifest.xml:19:13-23:29
29                <action android:name="android.intent.action.MAIN" />
29-->src\main\AndroidManifest.xml:20:17-69
29-->src\main\AndroidManifest.xml:20:25-66
30
31                <category android:name="android.intent.category.LAUNCHER" />
31-->src\main\AndroidManifest.xml:22:17-77
31-->src\main\AndroidManifest.xml:22:27-74
32            </intent-filter>
33        </activity>
34        <activity
34-->src\main\AndroidManifest.xml:25:9-27:72
35            android:name="com.travelapp.SignUp"
35-->src\main\AndroidManifest.xml:26:13-35
36            android:theme="@style/Theme.AppCompat.Light.NoActionBar" />
36-->src\main\AndroidManifest.xml:27:13-69
37        <activity
37-->src\main\AndroidManifest.xml:28:9-30:72
38            android:name="com.travelapp.MainActivity"
38-->src\main\AndroidManifest.xml:29:13-41
39            android:theme="@style/Theme.AppCompat.Light.NoActionBar" />
39-->src\main\AndroidManifest.xml:30:13-69
40
41        <meta-data
41-->src\main\AndroidManifest.xml:32:9-34:57
42            android:name="preloaded_fonts"
42-->src\main\AndroidManifest.xml:33:13-43
43            android:resource="@array/preloaded_fonts" />
43-->src\main\AndroidManifest.xml:34:13-54
44    </application>
45
46</manifest>